\BOOKMARK [1][-]{section*.3}{\376\377\000I\000n\000t\000r\000o\000d\000u\000c\000t\000i\000o\000n}{}% 1
\BOOKMARK [1][-]{section*.4}{\376\377\000R\000e\000l\000a\000t\000e\000d\000\040\000w\000o\000r\000k}{}% 2
\BOOKMARK [2][-]{section*.5}{\376\377\000T\000r\000a\000n\000s\000f\000o\000r\000m\000e\000r\000\040\000a\000r\000c\000h\000i\000t\000e\000c\000t\000u\000r\000e}{section*.4}% 3
\BOOKMARK [2][-]{section*.6}{\376\377\000C\000o\000n\000v\000o\000l\000u\000t\000i\000o\000n\000-\000b\000a\000s\000e\000d\000\040\000a\000r\000c\000h\000i\000t\000e\000c\000t\000u\000r\000e\000s}{section*.4}% 4
\BOOKMARK [2][-]{section*.7}{\376\377\000C\000o\000n\000v\000o\000l\000u\000t\000i\000o\000n\000\040\000a\000t\000t\000e\000n\000t\000i\000o\000n\000\040\000c\000o\000m\000b\000i\000n\000e\000d\000\040\000a\000r\000c\000h\000i\000t\000e\000c\000t\000u\000r\000e\000s}{section*.4}% 5
\BOOKMARK [1][-]{section*.8}{\376\377\000I\000n\000s\000p\000i\000r\000a\000t\000i\000o\000n}{}% 6
\BOOKMARK [1][-]{section*.12}{\376\377\000T\000C\000f\000o\000r\000m\000e\000r}{}% 7
\BOOKMARK [2][-]{section*.13}{\376\377\000S\000t\000r\000u\000c\000t\000u\000r\000e\000\040\000O\000v\000e\000r\000v\000i\000e\000w}{section*.12}% 8
\BOOKMARK [2][-]{section*.15}{\376\377\000C\000o\000n\000v\000o\000l\000u\000t\000i\000o\000n\000\040\000e\000x\000t\000r\000a\000c\000t\000i\000o\000n}{section*.12}% 9
\BOOKMARK [2][-]{section*.17}{\376\377\000S\000e\000q\000u\000e\000n\000c\000e\000\040\000l\000e\000n\000g\000t\000h\000\040\000r\000e\000d\000u\000c\000t\000i\000o\000n}{section*.12}% 10
\BOOKMARK [1][-]{section*.18}{\376\377\000E\000x\000p\000e\000r\000i\000m\000e\000n\000t\000s}{}% 11
\BOOKMARK [2][-]{section*.19}{\376\377\000E\000x\000p\000e\000r\000i\000m\000e\000n\000t\000s\000\040\000f\000o\000r\000\040\000s\000i\000n\000g\000l\000e\000-\000s\000t\000e\000p\000\040\000p\000r\000e\000d\000i\000c\000t\000i\000o\000n}{section*.18}% 12
\BOOKMARK [3][-]{section*.20}{\376\377\000D\000a\000t\000a\000s\000e\000t}{section*.19}% 13
\BOOKMARK [3][-]{section*.21}{\376\377\000E\000x\000p\000e\000r\000i\000m\000e\000n\000t\000\040\000s\000e\000t\000u\000p}{section*.19}% 14
\BOOKMARK [3][-]{section*.22}{\376\377\000R\000e\000s\000u\000l\000t\000s}{section*.19}% 15
\BOOKMARK [2][-]{section*.27}{\376\377\000E\000x\000p\000e\000r\000i\000m\000e\000n\000t\000s\000\040\000f\000o\000r\000\040\000s\000e\000q\000u\000e\000n\000c\000e\000\040\000t\000o\000\040\000s\000e\000q\000u\000e\000n\000c\000e}{section*.18}% 16
\BOOKMARK [3][-]{section*.28}{\376\377\000D\000a\000t\000a\000s\000e\000t}{section*.27}% 17
\BOOKMARK [3][-]{section*.30}{\376\377\000E\000x\000p\000e\000r\000i\000m\000e\000n\000t\000\040\000s\000e\000t\000u\000p}{section*.27}% 18
\BOOKMARK [3][-]{section*.31}{\376\377\000R\000e\000s\000u\000l\000t\000s}{section*.27}% 19
\BOOKMARK [3][-]{section*.35}{\376\377\000E\000f\000f\000i\000c\000i\000e\000n\000c\000y}{section*.27}% 20
\BOOKMARK [1][-]{section*.38}{\376\377\000C\000o\000n\000c\000l\000u\000s\000i\000o\000n\000\040\000a\000n\000d\000\040\000E\000v\000a\000l\000u\000a\000t\000i\000o\000n}{}% 21
\BOOKMARK [1][-]{section*.39}{\376\377\000F\000u\000t\000u\000r\000e\000\040\000w\000o\000r\000k\000s}{}% 22
\BOOKMARK [2][-]{section*.41}{\376\377\000J\000u\000p\000y\000t\000e\000r\000\040\000n\000o\000t\000e\000b\000o\000o\000k\000\040\000c\000o\000d\000e\000\040\000f\000o\000r\000\040\000e\000x\000p\000e\000r\000i\000m\000e\000n\000t\000\040\000o\000n\000\040\000T\000r\000a\000n\000s\000f\000o\000r\000m\000e\000r\000'\000s\000\040\000s\000i\000n\000g\000l\000e\000-\000s\000t\000e\000p\000-\000p\000r\000e\000d\000i\000c\000t\000i\000o\000n\000\040\000t\000a\000s\000k}{section*.39}% 23
\BOOKMARK [2][-]{section*.42}{\376\377\000J\000u\000p\000y\000t\000e\000r\000\040\000n\000o\000t\000e\000b\000o\000o\000k\000\040\000c\000o\000d\000e\000\040\000f\000o\000r\000\040\000e\000x\000p\000e\000r\000i\000m\000e\000n\000t\000\040\000o\000n\000\040\000L\000S\000T\000M\000'\000s\000\040\000s\000i\000n\000g\000l\000e\000-\000s\000t\000e\000p\000-\000p\000r\000e\000d\000i\000c\000t\000i\000o\000n\000\040\000t\000a\000s\000k}{section*.39}% 24
\BOOKMARK [2][-]{section*.43}{\376\377\000T\000h\000e\000\040\000T\000C\000f\000o\000r\000m\000e\000r\000\040\000u\000s\000i\000n\000g\000\040\0001\000D\000\040\000C\000N\000N\000\040\000f\000o\000r\000\040\000b\000a\000s\000i\000c\000\040\000T\000r\000a\000n\000s\000f\000o\000r\000m\000e\000r\000\040\000o\000n\000\040\000s\000e\000q\0002\000s\000e\000q\000\040\000t\000a\000s\000k}{section*.39}% 25
\BOOKMARK [2][-]{section*.44}{\376\377\000T\000h\000e\000\040\000T\000C\000f\000o\000r\000m\000e\000r\000\040\000u\000s\000i\000n\000g\000\040\0002\000D\000\040\000C\000N\000N\000\040\000f\000o\000r\000\040\000b\000a\000s\000i\000c\000\040\000T\000r\000a\000n\000s\000f\000o\000r\000m\000e\000r\000\040\000o\000n\000\040\000s\000e\000q\0002\000s\000e\000q\000\040\000t\000a\000s\000k}{section*.39}% 26
\BOOKMARK [2][-]{section*.45}{\376\377\000T\000h\000e\000\040\000T\000C\000f\000o\000r\000m\000e\000r\000\040\000u\000s\000i\000n\000g\000\040\0001\000D\000\040\000C\000N\000N\000\040\000f\000o\000r\000\040\000i\000T\000r\000a\000n\000s\000f\000o\000r\000m\000e\000r\000\040\000o\000n\000\040\000s\000e\000q\0002\000s\000e\000q\000\040\000t\000a\000s\000k}{section*.39}% 27
